Flutter crash report; please file at https://github.com/flutter/flutter/issues.

## command

flutter create personal_expenses_app

## exception

FileSystemException: FileSystemException: Cannot copy file to 'C:\Users\Jmana\Desktop\pasta\learning\flutter\flutter_dart_complete_g\personal_expenses_app\android\app\src\main\res\mipmap-hdpi\ic_launcher.png', path = 'C:\src\flutter\packages\flutter_tools\templates\app\android.tmpl\app\src\main\res\mipmap-hdpi\ic_launcher.png' (OS Error: Access is denied.
, errno = 5)

```
#0      _File.throwIfError (dart:io/file_impl.dart:645:7)
#1      _File.copySync (dart:io/file_impl.dart:350:5)
#2      ForwardingFile.copySync (package:file/src/forwarding/forwarding_file.dart:30:50)
#3      ForwardingFile.copySync (package:file/src/forwarding/forwarding_file.dart:30:50)
#4      Template.render.<anonymous closure> (package:flutter_tools/src/template.dart:227:18)
#5      _LinkedHashMapMixin.forEach (dart:collection-patch/compact_hash.dart:379:8)
#6      Template.render (package:flutter_tools/src/template.dart:153:24)
#7      CreateCommand._renderTemplate (package:flutter_tools/src/commands/create.dart:630:21)
#8      _rootRunUnary (dart:async/zone.dart:1192:38)
#9      _CustomZone.runUnary (dart:async/zone.dart:1085:19)
#10     _FutureListener.handleValue (dart:async/future_impl.dart:141:18)
#11     Future._propagateToListeners.handleValueCallback (dart:async/future_impl.dart:682:45)
#12     Future._propagateToListeners (dart:async/future_impl.dart:711:32)
#13     Future._completeWithValue (dart:async/future_impl.dart:526:5)
#14     _AsyncAwaitCompleter.complete (dart:async-patch/async_patch.dart:36:15)
#15     _completeOnAsyncReturn (dart:async-patch/async_patch.dart:298:13)
#16     Template.fromName (package:flutter_tools/src/template.dart)
#17     _rootRunUnary (dart:async/zone.dart:1192:38)
#18     _CustomZone.runUnary (dart:async/zone.dart:1085:19)
#19     _FutureListener.handleValue (dart:async/future_impl.dart:141:18)
#20     Future._propagateToListeners.handleValueCallback (dart:async/future_impl.dart:682:45)
#21     Future._propagateToListeners (dart:async/future_impl.dart:711:32)
#22     Future._completeWithValue (dart:async/future_impl.dart:526:5)
#23     Future._asyncComplete.<anonymous closure> (dart:async/future_impl.dart:556:7)
#24     _rootRun (dart:async/zone.dart:1184:13)
#25     _CustomZone.run (dart:async/zone.dart:1077:19)
#26     _CustomZone.runGuarded (dart:async/zone.dart:979:7)
#27     _CustomZone.bindCallbackGuarded.<anonymous closure> (dart:async/zone.dart:1019:23)
#28     _microtaskLoop (dart:async/schedule_microtask.dart:43:21)
#29     _startMicrotaskLoop (dart:async/schedule_microtask.dart:52:5)
#30     _runPendingImmediateCallback (dart:isolate-patch/isolate_patch.dart:118:13)
#31     _RawReceivePortImpl._handleMessage (dart:isolate-patch/isolate_patch.dart:169:5)
```

## flutter doctor

```
[✓] Flutter (Channel stable, v1.17.1, on Microsoft Windows [Version 10.0.18363.900], locale en-US)
    • Flutter version 1.17.1 at C:\src\flutter
    • Framework revision f7a6a7906b (9 weeks ago), 2020-05-12 18:39:00 -0700
    • Engine revision 6bc433c6b6
    • Dart version 2.8.2

[!] Android toolchain - develop for Android devices (Android SDK version 29.0.3)
    • Android SDK at C:\Users\Jmana\AppData\Local\Android\sdk
    • Platform android-29, build-tools 29.0.3
    • Java binary at: C:\Program Files\Android\Android Studio\jre\bin\java
    • Java version OpenJDK Runtime Environment (build 1.8.0_212-release-1586-b04)
    ✗ Android license status unknown.
      Try re-installing or updating your Android SDK Manager.
      See https://developer.android.com/studio/#downloads or visit visit
      https://flutter.dev/docs/get-started/install/windows#android-setup for detailed instructions.

[!] Android Studio (version 3.6)
    • Android Studio at C:\Program Files\Android\Android Studio
    ✗ Flutter plugin not installed; this adds Flutter specific functionality.
    ✗ Dart plugin not installed; this adds Dart specific functionality.
    • Java version OpenJDK Runtime Environment (build 1.8.0_212-release-1586-b04)

[✓] VS Code (version 1.47.0)
    • VS Code at C:\Users\Jmana\AppData\Local\Programs\Microsoft VS Code
    • Flutter extension version 3.12.2

[✓] Connected device (1 available)
    • moto g 7 play • 0056830399 • android-arm • Android 10 (API 29)

! Doctor found issues in 2 categories.
```
